<?xml version="1.0" encoding="UTF-8"?>
<!-- Generated by org.testng.reporters.JUnitXMLReporter -->
<testsuite ignored="0" hostname="DESKTOP-9QM8UQV" failures="0" tests="19" name="Command line test" time="48.384" errors="0" timestamp="15 lut 2022 18:14:27 GMT">
  <testcase classname="pl.testeroprogramowania.tests.BaseTest" name="@BeforeMethod browserSetup" time="6.638">
    <failure type="org.openqa.selenium.WebDriverException" message="unknown error: cannot determine loading status
from disconnected: unable to send message to renderer
  (Session info: chrome=98.0.4758.82)
Build info: version: &amp;apos;3.141.59&amp;apos;, revision: &amp;apos;e82be7d358&amp;apos;, time: &amp;apos;2018-11-14T08:17:03&amp;apos;
System info: host: &amp;apos;DESKTOP-9QM8UQV&amp;apos;, ip: &amp;apos;192.168.100.131&amp;apos;, os.name: &amp;apos;Windows 10&amp;apos;, os.arch: &amp;apos;amd64&amp;apos;, os.version: &amp;apos;10.0&amp;apos;, java.version: &amp;apos;16.0.2&amp;apos;
Driver info: org.openqa.selenium.chrome.ChromeDriver
Capabilities {acceptInsecureCerts: false, browserName: chrome, browserVersion: 98.0.4758.82, chrome: {chromedriverVersion: 98.0.4758.102 (273bf7ac8c90..., userDataDir: C:\Users\Laptop\AppData\Loc...}, goog:chromeOptions: {debuggerAddress: localhost:61544}, javascriptEnabled: true, networkConnectionEnabled: false, pageLoadStrategy: normal, platform: WINDOWS, platformName: WINDOWS, proxy: Proxy(), setWindowRect: true, strictFileInteractability: false, timeouts: {implicit: 0, pageLoad: 300000, script: 30000}, unhandledPromptBehavior: dismiss and notify, webauthn:extension:credBlob: true, webauthn:extension:largeBlob: true, webauthn:virtualAuthenticators: true}
Session ID: dcaf83aa4ccae81fc008ef27c70d31a2">
      <![CDATA[org.openqa.selenium.WebDriverException: unknown error: cannot determine loading status
from disconnected: unable to send message to renderer
  (Session info: chrome=98.0.4758.82)
Build info: version: '3.141.59', revision: 'e82be7d358', time: '2018-11-14T08:17:03'
System info: host: 'DESKTOP-9QM8UQV', ip: '192.168.100.131', os.name: 'Windows 10', os.arch: 'amd64', os.version: '10.0', java.version: '16.0.2'
Driver info: org.openqa.selenium.chrome.ChromeDriver
Capabilities {acceptInsecureCerts: false, browserName: chrome, browserVersion: 98.0.4758.82, chrome: {chromedriverVersion: 98.0.4758.102 (273bf7ac8c90..., userDataDir: C:\Users\Laptop\AppData\Loc...}, goog:chromeOptions: {debuggerAddress: localhost:61544}, javascriptEnabled: true, networkConnectionEnabled: false, pageLoadStrategy: normal, platform: WINDOWS, platformName: WINDOWS, proxy: Proxy(), setWindowRect: true, strictFileInteractability: false, timeouts: {implicit: 0, pageLoad: 300000, script: 30000}, unhandledPromptBehavior: dismiss and notify, webauthn:extension:credBlob: true, webauthn:extension:largeBlob: true, webauthn:virtualAuthenticators: true}
Session ID: dcaf83aa4ccae81fc008ef27c70d31a2
at org.openqa.selenium.remote.http.W3CHttpResponseCodec.createException(W3CHttpResponseCodec.java:187)
at org.openqa.selenium.remote.http.W3CHttpResponseCodec.decode(W3CHttpResponseCodec.java:122)
at org.openqa.selenium.remote.http.W3CHttpResponseCodec.decode(W3CHttpResponseCodec.java:49)
at org.openqa.selenium.remote.HttpCommandExecutor.execute(HttpCommandExecutor.java:158)
at org.openqa.selenium.remote.service.DriverCommandExecutor.execute(DriverCommandExecutor.java:83)
at org.openqa.selenium.remote.RemoteWebDriver.execute(RemoteWebDriver.java:552)
at org.openqa.selenium.remote.RemoteWebDriver.get(RemoteWebDriver.java:277)
at pl.testeroprogramowania.tests.BaseTest.browserSetup(BaseTest.java:18)
... Removed 43 stack frames]]>
    </failure>
  </testcase> <!-- @BeforeMethod browserSetup -->
  <testcase classname="pl.testeroprogramowania.tests.BaseTest" name="@AfterMethod browserTearDown" time="0.0">
    <skipped/>
  </testcase> <!-- @AfterMethod browserTearDown -->
  <testcase classname="pl.testeroprogramowania.tests.BaseTest" name="@BeforeMethod browserSetup" time="0.0">
    <skipped/>
  </testcase> <!-- @BeforeMethod browserSetup -->
  <testcase classname="pl.testeroprogramowania.tests.BaseTest" name="@AfterMethod browserTearDown" time="0.0">
    <skipped/>
  </testcase> <!-- @AfterMethod browserTearDown -->
  <testcase classname="pl.testeroprogramowania.tests.BaseTest" name="@BeforeMethod browserSetup" time="0.0">
    <skipped/>
  </testcase> <!-- @BeforeMethod browserSetup -->
  <testcase classname="pl.testeroprogramowania.tests.BaseTest" name="@AfterMethod browserTearDown" time="0.0">
    <skipped/>
  </testcase> <!-- @AfterMethod browserTearDown -->
  <testcase classname="pl.testeroprogramowania.tests.BaseTest" name="@BeforeMethod browserSetup" time="0.0">
    <skipped/>
  </testcase> <!-- @BeforeMethod browserSetup -->
  <testcase classname="pl.testeroprogramowania.tests.BaseTest" name="@AfterMethod browserTearDown" time="0.0">
    <skipped/>
  </testcase> <!-- @AfterMethod browserTearDown -->
  <testcase classname="pl.testeroprogramowania.tests.BaseTest" name="@BeforeMethod browserSetup" time="0.0">
    <skipped/>
  </testcase> <!-- @BeforeMethod browserSetup -->
  <testcase classname="pl.testeroprogramowania.tests.BaseTest" name="@AfterMethod browserTearDown" time="0.0">
    <skipped/>
  </testcase> <!-- @AfterMethod browserTearDown -->
  <testcase classname="pl.testeroprogramowania.tests.BaseTest" name="@BeforeMethod browserSetup" time="0.0">
    <skipped/>
  </testcase> <!-- @BeforeMethod browserSetup -->
  <testcase classname="pl.testeroprogramowania.tests.BaseTest" name="@AfterMethod browserTearDown" time="0.0">
    <skipped/>
  </testcase> <!-- @AfterMethod browserTearDown -->
  <testcase classname="pl.testeroprogramowania.tests.BaseTest" name="@BeforeMethod browserSetup" time="0.0">
    <skipped/>
  </testcase> <!-- @BeforeMethod browserSetup -->
  <testcase classname="pl.testeroprogramowania.tests.BaseTest" name="@AfterMethod browserTearDown" time="0.0">
    <skipped/>
  </testcase> <!-- @AfterMethod browserTearDown -->
  <testcase classname="pl.testeroprogramowania.tests.BaseTest" name="@BeforeMethod browserSetup" time="0.0">
    <skipped/>
  </testcase> <!-- @BeforeMethod browserSetup -->
  <testcase classname="pl.testeroprogramowania.tests.BaseTest" name="@AfterMethod browserTearDown" time="0.0">
    <skipped/>
  </testcase> <!-- @AfterMethod browserTearDown -->
  <testcase classname="pl.testeroprogramowania.tests.BaseTest" name="@BeforeMethod browserSetup" time="0.0">
    <skipped/>
  </testcase> <!-- @BeforeMethod browserSetup -->
  <testcase classname="pl.testeroprogramowania.tests.BaseTest" name="@AfterMethod browserTearDown" time="0.0">
    <skipped/>
  </testcase> <!-- @AfterMethod browserTearDown -->
  <testcase classname="pl.testeroprogramowania.tests.BaseTest" name="@BeforeMethod browserSetup" time="0.0">
    <skipped/>
  </testcase> <!-- @BeforeMethod browserSetup -->
  <testcase classname="pl.testeroprogramowania.tests.BaseTest" name="@AfterMethod browserTearDown" time="0.0">
    <skipped/>
  </testcase> <!-- @AfterMethod browserTearDown -->
  <testcase classname="pl.testeroprogramowania.tests.BaseTest" name="@BeforeMethod browserSetup" time="0.0">
    <skipped/>
  </testcase> <!-- @BeforeMethod browserSetup -->
  <testcase classname="pl.testeroprogramowania.tests.BaseTest" name="@AfterMethod browserTearDown" time="0.0">
    <skipped/>
  </testcase> <!-- @AfterMethod browserTearDown -->
  <testcase classname="pl.testeroprogramowania.tests.BaseTest" name="@BeforeMethod browserSetup" time="0.0">
    <skipped/>
  </testcase> <!-- @BeforeMethod browserSetup -->
  <testcase classname="pl.testeroprogramowania.tests.BaseTest" name="@AfterMethod browserTearDown" time="0.0">
    <skipped/>
  </testcase> <!-- @AfterMethod browserTearDown -->
  <testcase classname="pl.testeroprogramowania.tests.BaseTest" name="@BeforeMethod browserSetup" time="0.0">
    <skipped/>
  </testcase> <!-- @BeforeMethod browserSetup -->
  <testcase classname="pl.testeroprogramowania.tests.BaseTest" name="@AfterMethod browserTearDown" time="0.0">
    <skipped/>
  </testcase> <!-- @AfterMethod browserTearDown -->
  <testcase classname="pl.testeroprogramowania.tests.BaseTest" name="@BeforeMethod browserSetup" time="0.0">
    <skipped/>
  </testcase> <!-- @BeforeMethod browserSetup -->
  <testcase classname="pl.testeroprogramowania.tests.BaseTest" name="@AfterMethod browserTearDown" time="0.0">
    <skipped/>
  </testcase> <!-- @AfterMethod browserTearDown -->
  <testcase classname="pl.testeroprogramowania.tests.BaseTest" name="@BeforeMethod browserSetup" time="0.0">
    <skipped/>
  </testcase> <!-- @BeforeMethod browserSetup -->
  <testcase classname="pl.testeroprogramowania.tests.BaseTest" name="@AfterMethod browserTearDown" time="0.0">
    <skipped/>
  </testcase> <!-- @AfterMethod browserTearDown -->
  <testcase classname="pl.testeroprogramowania.tests.BaseTest" name="@BeforeMethod browserSetup" time="0.0">
    <skipped/>
  </testcase> <!-- @BeforeMethod browserSetup -->
  <testcase classname="pl.testeroprogramowania.tests.BaseTest" name="@AfterMethod browserTearDown" time="0.0">
    <skipped/>
  </testcase> <!-- @AfterMethod browserTearDown -->
  <testcase classname="pl.testeroprogramowania.tests.BaseTest" name="@BeforeMethod browserSetup" time="0.0">
    <skipped/>
  </testcase> <!-- @BeforeMethod browserSetup -->
  <testcase classname="pl.testeroprogramowania.tests.BaseTest" name="@AfterMethod browserTearDown" time="0.0">
    <skipped/>
  </testcase> <!-- @AfterMethod browserTearDown -->
  <testcase classname="pl.testeroprogramowania.tests.BaseTest" name="@BeforeMethod browserSetup" time="0.0">
    <skipped/>
  </testcase> <!-- @BeforeMethod browserSetup -->
  <testcase classname="pl.testeroprogramowania.tests.BaseTest" name="@AfterMethod browserTearDown" time="0.0">
    <skipped/>
  </testcase> <!-- @AfterMethod browserTearDown -->
  <testcase classname="pl.testeroprogramowania.tests.CarSearchTest" name="searchForCarToRent" time="15.018"/>
  <testcase classname="pl.testeroprogramowania.tests.CarSearchTest" name="searchForCarToRentDifLocations" time="0.0">
    <skipped/>
  </testcase> <!-- searchForCarToRentDifLocations -->
  <testcase classname="pl.testeroprogramowania.tests.CarSearchTest" name="searchWithDataProvider" time="0.0">
    <skipped/>
  </testcase> <!-- searchWithDataProvider -->
  <testcase classname="pl.testeroprogramowania.tests.CarSearchTest" name="searchWithDataProvider" time="0.0">
    <skipped/>
  </testcase> <!-- searchWithDataProvider -->
  <testcase classname="pl.testeroprogramowania.tests.CarSearchTest" name="searchWithDataProvider" time="0.0">
    <skipped/>
  </testcase> <!-- searchWithDataProvider -->
  <testcase classname="pl.testeroprogramowania.tests.CarSearchTest" name="searchWithDataProvider" time="0.0">
    <skipped/>
  </testcase> <!-- searchWithDataProvider -->
  <testcase classname="pl.testeroprogramowania.tests.CarSearchTest" name="searchWithDataProvider" time="0.0">
    <skipped/>
  </testcase> <!-- searchWithDataProvider -->
  <testcase classname="pl.testeroprogramowania.tests.CarSearchTest" name="searchWithDataProvider" time="0.0">
    <skipped/>
  </testcase> <!-- searchWithDataProvider -->
  <testcase classname="pl.testeroprogramowania.tests.CarSearchTest" name="searchWithDataProvider" time="0.0">
    <skipped/>
  </testcase> <!-- searchWithDataProvider -->
  <testcase classname="pl.testeroprogramowania.tests.CarSearchTest" name="searchWithDataProvider" time="0.0">
    <skipped/>
  </testcase> <!-- searchWithDataProvider -->
  <testcase classname="pl.testeroprogramowania.tests.CarSearchTest" name="searchWithDataProvider" time="0.0">
    <skipped/>
  </testcase> <!-- searchWithDataProvider -->
  <testcase classname="pl.testeroprogramowania.tests.CarSearchTest" name="searchWithDataProvider" time="0.0">
    <skipped/>
  </testcase> <!-- searchWithDataProvider -->
  <testcase classname="pl.testeroprogramowania.tests.CarSearchTest" name="searchWithDataProvider" time="0.0">
    <skipped/>
  </testcase> <!-- searchWithDataProvider -->
  <testcase classname="pl.testeroprogramowania.tests.CarSearchTest" name="searchWithDataProvider" time="0.0">
    <skipped/>
  </testcase> <!-- searchWithDataProvider -->
  <testcase classname="pl.testeroprogramowania.tests.CarSearchTest" name="searchWithDateFromThePast" time="0.0">
    <skipped/>
  </testcase> <!-- searchWithDateFromThePast -->
  <testcase classname="pl.testeroprogramowania.tests.CarSearchTest" name="searchWithInvalidDateCharacters" time="0.0">
    <skipped/>
  </testcase> <!-- searchWithInvalidDateCharacters -->
  <testcase classname="pl.testeroprogramowania.tests.CarSearchTest" name="searchWithInvalidTimeCharacters" time="0.0">
    <skipped/>
  </testcase> <!-- searchWithInvalidTimeCharacters -->
  <testcase classname="pl.testeroprogramowania.tests.CarSearchTest" name="searchWithNonExistentDate" time="0.0">
    <skipped/>
  </testcase> <!-- searchWithNonExistentDate -->
  <testcase classname="pl.testeroprogramowania.tests.CarSearchTest" name="searchWithoutCityName" time="0.0">
    <skipped/>
  </testcase> <!-- searchWithoutCityName -->
</testsuite> <!-- Command line test -->
